<?xml version="1.0" encoding="UTF-8"?>
<!-- Generated by org.testng.reporters.JUnitReportReporter -->
<testsuite hostname="DESKTOP-BAGVGUI" failures="0" tests="1" name="testCases.TC_005_AddToCartPageTest" time="2.438" errors="0" timestamp="2024-09-07T14:54:04 EDT" skipped="0">
  <testcase classname="testCases.TC_005_AddToCartPageTest" name="verify_addToCart" time="2.438"/>
</testsuite> <!-- testCases.TC_005_AddToCartPageTest -->
