<?xml version="1.0" encoding="UTF-8"?>
<!-- Generated by org.testng.reporters.JUnitReportReporter -->
<testsuite hostname="DESKTOP-BAGVGUI" failures="0" tests="2" name="testCases.TC001_AcoountRegisterationTest" time="5.535" errors="0" timestamp="2024-08-24T23:16:38 EDT" skipped="0">
  <testcase classname="testCases.TC001_AcoountRegisterationTest" name="verify_account_registration" time="2.645"/>
  <testcase classname="testCases.TC001_AcoountRegisterationTest" name="verify_account_registration" time="2.890"/>
</testsuite> <!-- testCases.TC001_AcoountRegisterationTest -->
