<?xml version="1.0" encoding="UTF-8"?>
<!-- Generated by org.testng.reporters.JUnitReportReporter -->
<testsuite hostname="DESKTOP-BAGVGUI" failures="0" tests="1" name="testCases.TC002_LoginTest" time="2.779" errors="0" timestamp="2024-09-07T15:46:58 EDT" skipped="0">
  <testcase classname="testCases.TC002_LoginTest" name="verify_login" time="2.779"/>
</testsuite> <!-- testCases.TC002_LoginTest -->
