<?xml version="1.0" encoding="UTF-8"?>
<!-- Generated by org.testng.reporters.JUnitReportReporter -->
<testsuite hostname="DESKTOP-BAGVGUI" failures="0" tests="2" name="testCases.TC002_LoginTest" time="3.607" errors="0" timestamp="2024-08-24T23:16:38 EDT" skipped="0">
  <testcase classname="testCases.TC002_LoginTest" name="verify_login" time="1.806"/>
  <testcase classname="testCases.TC002_LoginTest" name="verify_login" time="1.801"/>
</testsuite> <!-- testCases.TC002_LoginTest -->
