<?xml version="1.0" encoding="UTF-8"?>
<!-- Generated by org.testng.reporters.JUnitReportReporter -->
<testsuite hostname="DESKTOP-BAGVGUI" failures="0" tests="1" name="testCases.TC004_SearchProductTest" time="1.316" errors="0" timestamp="2024-09-07T15:38:18 EDT" skipped="0">
  <testcase classname="testCases.TC004_SearchProductTest" name="verify_pruductSearch" time="1.316"/>
</testsuite> <!-- testCases.TC004_SearchProductTest -->
