<?xml version="1.0" encoding="UTF-8"?>
<!-- Generated by org.testng.reporters.JUnitReportReporter -->
<testsuite hostname="DESKTOP-BAGVGUI" failures="0" tests="1" name="testCases.TC001_AcoountRegisterationTest" time="2.941" errors="0" timestamp="2024-08-30T20:20:04 EDT" skipped="0">
  <testcase classname="testCases.TC001_AcoountRegisterationTest" name="verify_account_registration" time="2.941"/>
</testsuite> <!-- testCases.TC001_AcoountRegisterationTest -->
